<?xml version="1.0" encoding="UTF-8"?>
<!-- Generated by org.testng.reporters.JUnitXMLReporter -->
<testsuite ignored="0" hostname="DESKTOP-O9UVPH9" failures="1" tests="1" name="Test2" time="0.007" errors="0" timestamp="2022-05-27T22:35:55 EDT">
  <testcase classname="testCasePages.HomeTestCase" name="AccountInfo" time="0.002">
    <failure type="java.lang.NullPointerException" message="Cannot invoke &amp;quot;pageObjectElements.HomeElements.AccountSelect()&amp;quot; because &amp;quot;this.HE&amp;quot; is null">
      <![CDATA[java.lang.NullPointerException: Cannot invoke "pageObjectElements.HomeElements.AccountSelect()" because "this.HE" is null
at testCasePages.HomeTestCase.AccountInfo(HomeTestCase.java:17)
at java.base/java.util.concurrent.ThreadPoolExecutor.runWorker(ThreadPoolExecutor.java:1136)
at java.base/java.util.concurrent.ThreadPoolExecutor$Worker.run(ThreadPoolExecutor.java:635)
at java.base/java.lang.Thread.run(Thread.java:833)
... Removed 12 stack frames]]>
    </failure>
  </testcase> <!-- AccountInfo -->
</testsuite> <!-- Test2 -->
