<?xml version="1.0" encoding="UTF-8"?>
<!-- Generated by org.testng.reporters.JUnitXMLReporter -->
<testsuite ignored="1" hostname="DESKTOP-O9UVPH9" failures="0" tests="5" name="Test" time="9.123" errors="0" timestamp="2022-05-31T21:27:43 EDT">
  <testcase classname="testCasePages.LoginTestCase" name="ValidLogin" time="5.709"/>
  <testcase classname="testCasePages.LoginTestCase" name="AccountInfo" time="0.626"/>
  <testcase classname="testCasePages.LoginTestCase" name="TransferFunds" time="0.546"/>
  <testcase classname="testCasePages.LoginTestCase" name="AccountSummary" time="1.61"/>
  <testcase classname="testCasePages.LoginTestCase" name="LogOff" time="0.348"/>
  <testcase classname="testCasePages.LoginTestCase" name="InvalidLogin" time="0.0">
    <ignored/>
  </testcase> <!-- InvalidLogin -->
</testsuite> <!-- Test -->
