<?xml version="1.0" encoding="UTF-8"?>
<testng-results ignored="1" total="6" passed="5" failed="0" skipped="0">
  <reporter-output>
  </reporter-output>
  <suite started-at="2022-05-31T21:27:34 EDT" name="Suite" finished-at="2022-05-31T21:27:43 EDT" duration-ms="9123">
    <groups>
    </groups>
    <test started-at="2022-05-31T21:27:34 EDT" name="Test" finished-at="2022-05-31T21:27:43 EDT" duration-ms="9123">
      <class name="testCasePages.LoginTestCase">
        <test-method signature="ValidLogin()[pri:1, instance:testCasePages.LoginTestCase@273e7444]" started-at="2022-05-31T21:27:34 EDT" name="ValidLogin" finished-at="2022-05-31T21:27:40 EDT" duration-ms="5709" status="PASS">
          <reporter-output>
          </reporter-output>
        </test-method> <!-- ValidLogin -->
        <test-method signature="AccountInfo()[pri:2, instance:testCasePages.LoginTestCase@273e7444]" started-at="2022-05-31T21:27:40 EDT" name="AccountInfo" finished-at="2022-05-31T21:27:40 EDT" duration-ms="626" status="PASS">
          <reporter-output>
          </reporter-output>
        </test-method> <!-- AccountInfo -->
        <test-method signature="TransferFunds()[pri:3, instance:testCasePages.LoginTestCase@273e7444]" started-at="2022-05-31T21:27:40 EDT" name="TransferFunds" finished-at="2022-05-31T21:27:41 EDT" duration-ms="546" status="PASS">
          <reporter-output>
          </reporter-output>
        </test-method> <!-- TransferFunds -->
        <test-method signature="AccountSummary()[pri:4, instance:testCasePages.LoginTestCase@273e7444]" started-at="2022-05-31T21:27:41 EDT" name="AccountSummary" finished-at="2022-05-31T21:27:42 EDT" duration-ms="1610" status="PASS">
          <reporter-output>
          </reporter-output>
        </test-method> <!-- AccountSummary -->
        <test-method signature="LogOff()[pri:5, instance:testCasePages.LoginTestCase@273e7444]" started-at="2022-05-31T21:27:42 EDT" name="LogOff" finished-at="2022-05-31T21:27:43 EDT" duration-ms="348" status="PASS">
          <reporter-output>
          </reporter-output>
        </test-method> <!-- LogOff -->
      </class> <!-- testCasePages.LoginTestCase -->
    </test> <!-- Test -->
  </suite> <!-- Suite -->
</testng-results>
